 Image infra-celery-beat Building 
 Image infra-frontend Building 
 Image infra-backend Building 
 Image infra-celery-worker Building 
#1 [internal] load local bake definitions
#1 reading from stdin 2.13kB 0.2s done
#1 DONE 0.2s

#2 [celery-beat internal] load build definition from Dockerfile.worker
#2 transferring dockerfile:
#2 transferring dockerfile: 991B 0.0s done
#2 DONE 0.4s

#3 [backend internal] load build definition from Dockerfile
#3 transferring dockerfile: 1.13kB 0.0s done
#3 DONE 0.4s

#4 [frontend internal] load build definition from Dockerfile
#4 transferring dockerfile: 875B 0.0s done
#4 DONE 0.4s

#5 [celery-worker internal] load metadata for docker.io/library/python:3.11-slim
#5 ...

#6 [frontend internal] load metadata for docker.io/library/nginx:alpine
#6 DONE 0.3s

#7 [frontend internal] load metadata for docker.io/library/node:20-alpine
#7 DONE 1.3s

#5 [celery-beat internal] load metadata for docker.io/library/python:3.11-slim
#5 DONE 1.4s

#8 [celery-beat internal] load .dockerignore
#8 transferring context:
#8 transferring context: 2B 0.0s done
#8 DONE 0.3s

#9 [celery-beat builder 1/5] FROM docker.io/library/python:3.11-slim@sha256:9358444059ed78e2975ada2c189f1c1a3144a5dab6f35bff8c981afb38946634
#9 resolve docker.io/library/python:3.11-slim@sha256:9358444059ed78e2975ada2c189f1c1a3144a5dab6f35bff8c981afb38946634 0.4s done
#9 DONE 0.4s

#10 [frontend internal] load .dockerignore
#10 transferring context: 2B 0.0s done
#10 DONE 0.3s

#11 [celery-beat internal] load build context
#11 ...

#12 [frontend builder 1/6] FROM docker.io/library/node:20-alpine@sha256:b88333c42c23fbd91596ebd7fd10de239cedab9617de04142dde7315e3bc0afa
#12 resolve docker.io/library/node:20-alpine@sha256:b88333c42c23fbd91596ebd7fd10de239cedab9617de04142dde7315e3bc0afa 0.3s done
#12 DONE 0.3s

#13 [frontend stage-1 1/4] FROM docker.io/library/nginx:alpine@sha256:f46cb72c7df02710e693e863a983ac42f6a9579058a59a35f1ae36c9958e4ce0
#13 resolve docker.io/library/nginx:alpine@sha256:f46cb72c7df02710e693e863a983ac42f6a9579058a59a35f1ae36c9958e4ce0 0.3s done
#13 DONE 0.4s

#9 [celery-worker builder 1/5] FROM docker.io/library/python:3.11-slim@sha256:9358444059ed78e2975ada2c189f1c1a3144a5dab6f35bff8c981afb38946634
#9 resolve docker.io/library/python:3.11-slim@sha256:9358444059ed78e2975ada2c189f1c1a3144a5dab6f35bff8c981afb38946634 0.4s done
#9 DONE 0.4s

#14 [frontend builder 2/6] WORKDIR /app
#14 CACHED

#11 [celery-worker internal] load build context
#11 ...

#15 [frontend builder 3/6] COPY package*.json ./
#15 DONE 0.3s

#16 [frontend internal] load build context
#16 transferring context: 73.67kB 0.9s done
#16 DONE 1.3s

#11 [celery-worker internal] load build context
#11 ...

#17 [frontend stage-1 2/4] COPY nginx.conf /etc/nginx/conf.d/default.conf
#17 CACHED

#11 [celery-worker internal] load build context
#11 transferring context: 4.25MB 6.1s
#11 transferring context: 7.81MB 11.2s
#11 ...

#18 [frontend builder 4/6] RUN npm install
#18 115.4 npm warn deprecated inflight@1.0.6: This module is not supported, and leaks memory. Do not use it. Check out lru-cache if you want a good and tested way to coalesce async requests by a key value, which is much more comprehensive and powerful.
#18 117.9 npm warn deprecated rimraf@3.0.2: Rimraf versions prior to v4 are no longer supported
#18 120.5 npm warn deprecated @humanwhocodes/object-schema@2.0.3: Use @eslint/object-schema instead
#18 123.5 npm warn deprecated @humanwhocodes/config-array@0.13.0: Use @eslint/config-array instead
#18 123.8 npm warn deprecated glob@7.2.3: Old versions of glob are not supported, and contain widely publicized security vulnerabilities, which have been fixed in the current version. Please update. Support for old versions may be purchased (at exorbitant rates) by contacting i@izs.me
#18 136.2 npm warn deprecated eslint@8.57.1: This version is no longer supported. Please see https://eslint.org/version-support for other options.
#18 ...

#11 [celery-worker internal] load build context
#11 transferring context: 11.65MB 16.3s
#11 transferring context: 16.02MB 21.3s
#11 transferring context: 20.20MB 26.3s
#11 transferring context: 23.21MB 31.4s
#11 transferring context: 26.93MB 36.4s
#11 transferring context: 32.30MB 41.6s
#11 transferring context: 37.46MB 46.7s
#11 transferring context: 46.85MB 51.8s
#11 transferring context: 54.56MB 56.8s
#11 transferring context: 65.85MB 61.9s
#11 transferring context: 70.09MB 66.9s
#11 transferring context: 72.85MB 72.0s
#11 transferring context: 78.64MB 77.1s
#11 transferring context: 83.45MB 82.3s
#11 transferring context: 91.36MB 87.4s
#11 transferring context: 97.55MB 92.4s
#11 transferring context: 103.14MB 97.5s
#11 transferring context: 110.23MB 102.5s
#11 transferring context: 116.94MB 107.6s
#11 transferring context: 123.80MB 112.6s
#11 transferring context: 130.09MB 117.7s
#11 transferring context: 137.80MB 122.8s
#11 transferring context: 145.00MB 127.9s
#11 transferring context: 149.31MB 132.9s
#11 transferring context: 149.52MB 133.7s done
#11 transferring context: 149.52MB 133.7s done
#11 DONE 134.3s

#18 [frontend builder 4/6] RUN npm install
#18 ...

#19 [backend stage-1 6/7] COPY . .
#19 CACHED

#20 [celery-worker stage-1 6/7] COPY . .
#20 CACHED

#21 [celery-beat stage-1 7/7] RUN chown -R appuser:appuser /app
#21 DONE 258.3s

#22 [backend stage-1 7/7] RUN chown -R appuser:appuser /app
#22 DONE 258.4s

#23 [celery-beat] exporting to image
#23 exporting layers
#23 ...

#24 [backend] exporting to image
#24 ...

#25 [celery-worker] exporting to image
#25 ...

#24 [backend] exporting to image
#24 exporting layers 17.8s done
#24 exporting manifest sha256:fb68a4fb38d8fc94ea5e92e47cc03b73cdf69f4e6670396e16e2e69709b4ffeb 0.1s done
#24 exporting config sha256:933caed0e051630e85ec632785436f086336dca7301afdfebc79c6e6d83ee0bc
#24 exporting config sha256:933caed0e051630e85ec632785436f086336dca7301afdfebc79c6e6d83ee0bc 0.1s done
#24 exporting attestation manifest sha256:ee9dcd6274e345f6cf70397597b8fab723ca5ce569af522d0267efc242493f75
#24 exporting attestation manifest sha256:ee9dcd6274e345f6cf70397597b8fab723ca5ce569af522d0267efc242493f75 0.5s done
#24 exporting manifest list sha256:eda6101b118e4e2ab427d28c25abd1a15b72c360a8f94985f8c0fc9c92205b2d
#24 exporting manifest list sha256:eda6101b118e4e2ab427d28c25abd1a15b72c360a8f94985f8c0fc9c92205b2d 0.5s done
#24 naming to docker.io/library/infra-backend:latest
#24 naming to docker.io/library/infra-backend:latest 0.5s done
#24 ERROR: image "docker.io/library/infra-backend:latest": already exists

#25 [celery-worker] exporting to image
#25 exporting layers 18.3s done
#25 exporting manifest sha256:ae511bed0f1b054b728b76a39ee5ab783f1694ebfc58a9cef2f502ca0a971986 0.1s done
#25 exporting config sha256:3be75d5da3feccf99175da2b96da70bff7c58b6f1bd58096c8a3be5d8ebc1d83 0.2s done
#25 exporting attestation manifest sha256:b8ab3fb9b573204c15631f3427c00fac7cb620a53e14f0a4f13c4c3aef1e58fa 0.9s done
#25 exporting manifest list sha256:8045cf229d80b336f54ddc07c943bd7d1c92b6cef0cf8c27022e21e858c7947d
#25 exporting manifest list sha256:8045cf229d80b336f54ddc07c943bd7d1c92b6cef0cf8c27022e21e858c7947d 0.3s done
#25 naming to docker.io/library/infra-celery-worker:latest
#25 naming to docker.io/library/infra-celery-worker:latest 0.2s done
#25 ERROR: image "docker.io/library/infra-celery-worker:latest": already exists

#23 [celery-beat] exporting to image
#23 exporting layers 18.2s done
#23 exporting manifest sha256:aebdece9a1fe9f9fa9c7551acae5bee32c2d7d3b3fb5575a12a5e1b759d72022 0.2s done
#23 exporting config sha256:241507d526c4f3535ef38effec4bfbdf9ea9828cfc2a35217b61743b108b9ecc 0.2s done
#23 exporting attestation manifest sha256:c007d4fe0f5b448b51e803ea79a92b12b3dc5c57839a3318c50fdb55f88b4037 0.9s done
#23 exporting manifest list sha256:a93050837051f2b6cec03ca10c5bf425360ab98adfee667bb56dfcda90364cd0 0.4s done
#23 naming to docker.io/library/infra-celery-beat:latest
#23 naming to docker.io/library/infra-celery-beat:latest 0.1s done
#23 unpacking to docker.io/library/infra-celery-beat:latest
#23 ...

#18 [frontend builder 4/6] RUN npm install
#18 CANCELED

#23 [celery-beat] exporting to image
#23 unpacking to docker.io/library/infra-celery-beat:latest 1.3s done
#23 CANCELED
------
 > [celery-worker] exporting to image:
------
------
 > [backend] exporting to image:
------
target backend: failed to solve: image "docker.io/library/infra-backend:latest": already exists

